[2026-06-25 09:15:33] 用户a关闭系统
[2026-06-25 10:30:02] 报告生成模块已加载
[2026-06-25 10:30:31] 报告生成模块已加载
[2026-06-25 10:32:08] 报告生成模块已加载
[2026-06-25 10:33:18] 报告生成模块已加载
[2026-06-25 10:33:49] Excel文件导入成功: D:/project/PycharmProjects/pyqt6/deafGene/aone_deaf_gene/sample_data_test.xlsx
[2026-06-25 10:39:34] 报告生成模块已加载
[2026-06-25 10:39:44] 用户系统管理员关闭系统
[2026-06-25 10:47:07] 报告生成模块已加载
[2026-06-25 10:47:21] 用户系统管理员关闭系统
[2026-06-25 13:27:38] 报告生成模块已加载
[2026-06-25 13:28:31] 用户系统管理员关闭系统
[2026-06-25 14:04:39] 报告生成模块已加载
[2026-06-25 14:54:05] 用户a关闭系统
[2026-06-25 14:59:32] 报告生成模块已加载
[2026-06-25 15:16:03] 用户a关闭系统
[2026-06-25 16:21:11] 报告生成模块已加载
[2026-06-25 16:25:36] 用户a关闭系统
[2026-06-25 16:28:11] 报告生成模块已加载
[2026-06-25 17:02:16] 用户a退出登录
[2026-06-25 17:02:25] 报告生成模块已加载
